{"/Users/valentina/Projects/ts-ecommerce/dist/src/Cpf.js": {"path":"/Users/valentina/Projects/ts-ecommerce/dist/src/Cpf.js","statementMap":{"0":{"start":{"line":2,"column":0},"end":{"line":2,"column":62}},"1":{"start":{"line":5,"column":8},"end":{"line":5,"column":37}},"2":{"start":{"line":6,"column":8},"end":{"line":6,"column":38}},"3":{"start":{"line":7,"column":8},"end":{"line":8,"column":43}},"4":{"start":{"line":8,"column":12},"end":{"line":8,"column":43}},"5":{"start":{"line":9,"column":8},"end":{"line":9,"column":27}},"6":{"start":{"line":12,"column":8},"end":{"line":13,"column":25}},"7":{"start":{"line":13,"column":12},"end":{"line":13,"column":25}},"8":{"start":{"line":14,"column":20},"end":{"line":14,"column":41}},"9":{"start":{"line":15,"column":8},"end":{"line":16,"column":25}},"10":{"start":{"line":16,"column":12},"end":{"line":16,"column":25}},"11":{"start":{"line":17,"column":8},"end":{"line":18,"column":25}},"12":{"start":{"line":18,"column":12},"end":{"line":18,"column":25}},"13":{"start":{"line":19,"column":38},"end":{"line":19,"column":92}},"14":{"start":{"line":20,"column":38},"end":{"line":20,"column":93}},"15":{"start":{"line":21,"column":25},"end":{"line":21,"column":52}},"16":{"start":{"line":22,"column":37},"end":{"line":22,"column":87}},"17":{"start":{"line":23,"column":8},"end":{"line":23,"column":51}},"18":{"start":{"line":26,"column":8},"end":{"line":26,"column":38}},"19":{"start":{"line":29,"column":8},"end":{"line":29,"column":33}},"20":{"start":{"line":32,"column":29},"end":{"line":32,"column":32}},"21":{"start":{"line":33,"column":8},"end":{"line":33,"column":61}},"22":{"start":{"line":33,"column":39},"end":{"line":33,"column":59}},"23":{"start":{"line":36,"column":22},"end":{"line":40,"column":13}},"24":{"start":{"line":37,"column":12},"end":{"line":38,"column":52}},"25":{"start":{"line":38,"column":16},"end":{"line":38,"column":52}},"26":{"start":{"line":39,"column":12},"end":{"line":39,"column":25}},"27":{"start":{"line":41,"column":21},"end":{"line":41,"column":31}},"28":{"start":{"line":42,"column":8},"end":{"line":42,"column":42}},"29":{"start":{"line":45,"column":8},"end":{"line":45,"column":29}},"30":{"start":{"line":48,"column":0},"end":{"line":48,"column":22}}},"fnMap":{"0":{"name":"(anonymous_0)","decl":{"start":{"line":4,"column":4},"end":{"line":4,"column":5}},"loc":{"start":{"line":4,"column":23},"end":{"line":10,"column":5}},"line":4},"1":{"name":"(anonymous_1)","decl":{"start":{"line":11,"column":4},"end":{"line":11,"column":5}},"loc":{"start":{"line":11,"column":21},"end":{"line":24,"column":5}},"line":11},"2":{"name":"(anonymous_2)","decl":{"start":{"line":25,"column":4},"end":{"line":25,"column":5}},"loc":{"start":{"line":25,"column":18},"end":{"line":27,"column":5}},"line":25},"3":{"name":"(anonymous_3)","decl":{"start":{"line":28,"column":4},"end":{"line":28,"column":5}},"loc":{"start":{"line":28,"column":25},"end":{"line":30,"column":5}},"line":28},"4":{"name":"(anonymous_4)","decl":{"start":{"line":31,"column":4},"end":{"line":31,"column":5}},"loc":{"start":{"line":31,"column":27},"end":{"line":34,"column":5}},"line":31},"5":{"name":"(anonymous_5)","decl":{"start":{"line":33,"column":30},"end":{"line":33,"column":31}},"loc":{"start":{"line":33,"column":39},"end":{"line":33,"column":59}},"line":33},"6":{"name":"(anonymous_6)","decl":{"start":{"line":35,"column":4},"end":{"line":35,"column":5}},"loc":{"start":{"line":35,"column":37},"end":{"line":43,"column":5}},"line":35},"7":{"name":"(anonymous_7)","decl":{"start":{"line":36,"column":38},"end":{"line":36,"column":39}},"loc":{"start":{"line":36,"column":56},"end":{"line":40,"column":9}},"line":36},"8":{"name":"(anonymous_8)","decl":{"start":{"line":44,"column":4},"end":{"line":44,"column":5}},"loc":{"start":{"line":44,"column":27},"end":{"line":46,"column":5}},"line":44}},"branchMap":{"0":{"loc":{"start":{"line":7,"column":8},"end":{"line":8,"column":43}},"type":"if","locations":[{"start":{"line":7,"column":8},"end":{"line":8,"column":43}},{"start":{},"end":{}}],"line":7},"1":{"loc":{"start":{"line":12,"column":8},"end":{"line":13,"column":25}},"type":"if","locations":[{"start":{"line":12,"column":8},"end":{"line":13,"column":25}},{"start":{},"end":{}}],"line":12},"2":{"loc":{"start":{"line":15,"column":8},"end":{"line":16,"column":25}},"type":"if","locations":[{"start":{"line":15,"column":8},"end":{"line":16,"column":25}},{"start":{},"end":{}}],"line":15},"3":{"loc":{"start":{"line":17,"column":8},"end":{"line":18,"column":25}},"type":"if","locations":[{"start":{"line":17,"column":8},"end":{"line":18,"column":25}},{"start":{},"end":{}}],"line":17},"4":{"loc":{"start":{"line":37,"column":12},"end":{"line":38,"column":52}},"type":"if","locations":[{"start":{"line":37,"column":12},"end":{"line":38,"column":52}},{"start":{},"end":{}}],"line":37},"5":{"loc":{"start":{"line":42,"column":15},"end":{"line":42,"column":41}},"type":"cond-expr","locations":[{"start":{"line":42,"column":28},"end":{"line":42,"column":29}},{"start":{"line":42,"column":32},"end":{"line":42,"column":41}}],"line":42}},"s":{"0":1,"1":2,"2":2,"3":2,"4":1,"5":1,"6":2,"7":0,"8":2,"9":2,"10":1,"11":1,"12":0,"13":1,"14":1,"15":1,"16":1,"17":1,"18":2,"19":2,"20":1,"21":1,"22":2,"23":2,"24":22,"25":19,"26":22,"27":2,"28":2,"29":1,"30":1},"f":{"0":2,"1":2,"2":2,"3":2,"4":1,"5":2,"6":2,"7":22,"8":1},"b":{"0":[1,1],"1":[0,2],"2":[1,1],"3":[0,1],"4":[19,3],"5":[0,2]},"inputSourceMap":null,"_coverageSchema":"1a1c01bbd47fc00a2c39e90264f33305004495a9","hash":"5a5a9eeb63d2b709299968bf08038b6c616cb337"}
,"/Users/valentina/Projects/ts-ecommerce/dist/src/Item.js": {"path":"/Users/valentina/Projects/ts-ecommerce/dist/src/Item.js","statementMap":{"0":{"start":{"line":2,"column":0},"end":{"line":2,"column":62}},"1":{"start":{"line":5,"column":8},"end":{"line":5,"column":29}},"2":{"start":{"line":6,"column":8},"end":{"line":6,"column":39}},"3":{"start":{"line":7,"column":8},"end":{"line":7,"column":27}},"4":{"start":{"line":10,"column":0},"end":{"line":10,"column":23}}},"fnMap":{"0":{"name":"(anonymous_0)","decl":{"start":{"line":4,"column":4},"end":{"line":4,"column":5}},"loc":{"start":{"line":4,"column":44},"end":{"line":8,"column":5}},"line":4}},"branchMap":{},"s":{"0":1,"1":1,"2":1,"3":1,"4":1},"f":{"0":1},"b":{},"inputSourceMap":null,"_coverageSchema":"1a1c01bbd47fc00a2c39e90264f33305004495a9","hash":"814aef4d37210c54c69bfdbedd2c3a3874240deb"}
,"/Users/valentina/Projects/ts-ecommerce/dist/src/Order.js": {"path":"/Users/valentina/Projects/ts-ecommerce/dist/src/Order.js","statementMap":{"0":{"start":{"line":2,"column":22},"end":{"line":4,"column":1}},"1":{"start":{"line":3,"column":4},"end":{"line":3,"column":62}},"2":{"start":{"line":5,"column":0},"end":{"line":5,"column":62}},"3":{"start":{"line":6,"column":14},"end":{"line":6,"column":47}},"4":{"start":{"line":7,"column":20},"end":{"line":7,"column":59}},"5":{"start":{"line":10,"column":8},"end":{"line":10,"column":42}},"6":{"start":{"line":11,"column":8},"end":{"line":11,"column":29}},"7":{"start":{"line":14,"column":8},"end":{"line":14,"column":89}},"8":{"start":{"line":17,"column":8},"end":{"line":17,"column":93}},"9":{"start":{"line":17,"column":60},"end":{"line":17,"column":88}},"10":{"start":{"line":20,"column":0},"end":{"line":20,"column":24}}},"fnMap":{"0":{"name":"(anonymous_0)","decl":{"start":{"line":2,"column":56},"end":{"line":2,"column":57}},"loc":{"start":{"line":2,"column":71},"end":{"line":4,"column":1}},"line":2},"1":{"name":"(anonymous_1)","decl":{"start":{"line":9,"column":4},"end":{"line":9,"column":5}},"loc":{"start":{"line":9,"column":21},"end":{"line":12,"column":5}},"line":9},"2":{"name":"(anonymous_2)","decl":{"start":{"line":13,"column":4},"end":{"line":13,"column":5}},"loc":{"start":{"line":13,"column":28},"end":{"line":15,"column":5}},"line":13},"3":{"name":"(anonymous_3)","decl":{"start":{"line":16,"column":4},"end":{"line":16,"column":5}},"loc":{"start":{"line":16,"column":15},"end":{"line":18,"column":5}},"line":16},"4":{"name":"(anonymous_4)","decl":{"start":{"line":17,"column":38},"end":{"line":17,"column":39}},"loc":{"start":{"line":17,"column":60},"end":{"line":17,"column":88}},"line":17}},"branchMap":{"0":{"loc":{"start":{"line":2,"column":22},"end":{"line":4,"column":1}},"type":"binary-expr","locations":[{"start":{"line":2,"column":23},"end":{"line":2,"column":27}},{"start":{"line":2,"column":31},"end":{"line":2,"column":51}},{"start":{"line":2,"column":56},"end":{"line":4,"column":1}}],"line":2},"1":{"loc":{"start":{"line":3,"column":11},"end":{"line":3,"column":61}},"type":"cond-expr","locations":[{"start":{"line":3,"column":37},"end":{"line":3,"column":40}},{"start":{"line":3,"column":43},"end":{"line":3,"column":61}}],"line":3},"2":{"loc":{"start":{"line":3,"column":12},"end":{"line":3,"column":33}},"type":"binary-expr","locations":[{"start":{"line":3,"column":12},"end":{"line":3,"column":15}},{"start":{"line":3,"column":19},"end":{"line":3,"column":33}}],"line":3}},"s":{"0":1,"1":2,"2":1,"3":1,"4":1,"5":2,"6":1,"7":1,"8":1,"9":1,"10":1},"f":{"0":2,"1":2,"2":1,"3":1,"4":1},"b":{"0":[1,1,1],"1":[2,0],"2":[2,2]},"inputSourceMap":null,"_coverageSchema":"1a1c01bbd47fc00a2c39e90264f33305004495a9","hash":"55a4e349f3bee1ba4aab88e23a5d82b4380d7382"}
,"/Users/valentina/Projects/ts-ecommerce/dist/src/OrderItem.js": {"path":"/Users/valentina/Projects/ts-ecommerce/dist/src/OrderItem.js","statementMap":{"0":{"start":{"line":2,"column":0},"end":{"line":2,"column":62}},"1":{"start":{"line":5,"column":8},"end":{"line":5,"column":29}},"2":{"start":{"line":6,"column":8},"end":{"line":6,"column":27}},"3":{"start":{"line":7,"column":8},"end":{"line":7,"column":33}},"4":{"start":{"line":10,"column":8},"end":{"line":10,"column":42}},"5":{"start":{"line":13,"column":0},"end":{"line":13,"column":28}}},"fnMap":{"0":{"name":"(anonymous_0)","decl":{"start":{"line":4,"column":4},"end":{"line":4,"column":5}},"loc":{"start":{"line":4,"column":41},"end":{"line":8,"column":5}},"line":4},"1":{"name":"(anonymous_1)","decl":{"start":{"line":9,"column":4},"end":{"line":9,"column":5}},"loc":{"start":{"line":9,"column":15},"end":{"line":11,"column":5}},"line":9}},"branchMap":{},"s":{"0":1,"1":1,"2":1,"3":1,"4":1,"5":1},"f":{"0":1,"1":1},"b":{},"inputSourceMap":null,"_coverageSchema":"1a1c01bbd47fc00a2c39e90264f33305004495a9","hash":"e89af9496e196c80f16c22f0f22b97852e99c3df"}
,"/Users/valentina/Projects/ts-ecommerce/src/Coupon.ts": {"path":"/Users/valentina/Projects/ts-ecommerce/src/Coupon.ts","statementMap":{"0":{"start":{"line":2,"column":25},"end":{"line":2,"column":37}},"1":{"start":{"line":2,"column":48},"end":{"line":2,"column":64}},"2":{"start":{"line":7,"column":8},"end":{"line":7,"column":45}},"3":{"start":{"line":1,"column":0},"end":{"line":1,"column":21}}},"fnMap":{"0":{"name":"(anonymous_0)","decl":{"start":{"line":2,"column":4},"end":{"line":2,"column":25}},"loc":{"start":{"line":2,"column":64},"end":{"line":4,"column":5}}},"1":{"name":"(anonymous_1)","decl":{"start":{"line":6,"column":4},"end":{"line":6,"column":21}},"loc":{"start":{"line":6,"column":35},"end":{"line":8,"column":5}}}},"branchMap":{},"s":{"0":1,"1":1,"2":1,"3":1},"f":{"0":1,"1":1},"b":{}}
,"/Users/valentina/Projects/ts-ecommerce/src/Cpf.ts": {"path":"/Users/valentina/Projects/ts-ecommerce/src/Cpf.ts","statementMap":{"0":{"start":{"line":3,"column":9},"end":{"line":3,"column":33}},"1":{"start":{"line":4,"column":9},"end":{"line":4,"column":34}},"2":{"start":{"line":7,"column":2},"end":{"line":7,"column":60}},"3":{"start":{"line":7,"column":29},"end":{"line":7,"column":60}},"4":{"start":{"line":8,"column":2},"end":{"line":8,"column":21}},"5":{"start":{"line":12,"column":2},"end":{"line":12,"column":28}},"6":{"start":{"line":12,"column":15},"end":{"line":12,"column":28}},"7":{"start":{"line":13,"column":14},"end":{"line":13,"column":35}},"8":{"start":{"line":14,"column":2},"end":{"line":14,"column":46}},"9":{"start":{"line":14,"column":33},"end":{"line":14,"column":46}},"10":{"start":{"line":15,"column":2},"end":{"line":15,"column":48}},"11":{"start":{"line":15,"column":35},"end":{"line":15,"column":48}},"12":{"start":{"line":16,"column":32},"end":{"line":16,"column":86}},"13":{"start":{"line":17,"column":32},"end":{"line":17,"column":87}},"14":{"start":{"line":18,"column":19},"end":{"line":18,"column":46}},"15":{"start":{"line":19,"column":31},"end":{"line":19,"column":81}},"16":{"start":{"line":20,"column":2},"end":{"line":20,"column":45}},"17":{"start":{"line":24,"column":2},"end":{"line":24,"column":32}},"18":{"start":{"line":28,"column":2},"end":{"line":28,"column":27}},"19":{"start":{"line":32,"column":23},"end":{"line":32,"column":26}},"20":{"start":{"line":33,"column":2},"end":{"line":33,"column":55}},"21":{"start":{"line":33,"column":33},"end":{"line":33,"column":53}},"22":{"start":{"line":37,"column":16},"end":{"line":40,"column":7}},"23":{"start":{"line":38,"column":3},"end":{"line":38,"column":55}},"24":{"start":{"line":38,"column":19},"end":{"line":38,"column":55}},"25":{"start":{"line":39,"column":3},"end":{"line":39,"column":16}},"26":{"start":{"line":41,"column":15},"end":{"line":41,"column":23}},"27":{"start":{"line":42,"column":2},"end":{"line":42,"column":36}},"28":{"start":{"line":46,"column":2},"end":{"line":46,"column":23}},"29":{"start":{"line":1,"column":0},"end":{"line":1,"column":21}}},"fnMap":{"0":{"name":"(anonymous_0)","decl":{"start":{"line":6,"column":1},"end":{"line":6,"column":14}},"loc":{"start":{"line":6,"column":27},"end":{"line":9,"column":2}}},"1":{"name":"(anonymous_1)","decl":{"start":{"line":11,"column":9},"end":{"line":11,"column":17}},"loc":{"start":{"line":11,"column":52},"end":{"line":21,"column":2}}},"2":{"name":"(anonymous_2)","decl":{"start":{"line":23,"column":9},"end":{"line":23,"column":17}},"loc":{"start":{"line":23,"column":30},"end":{"line":25,"column":2}}},"3":{"name":"(anonymous_3)","decl":{"start":{"line":27,"column":9},"end":{"line":27,"column":24}},"loc":{"start":{"line":27,"column":37},"end":{"line":29,"column":2}}},"4":{"name":"(anonymous_4)","decl":{"start":{"line":31,"column":9},"end":{"line":31,"column":26}},"loc":{"start":{"line":31,"column":39},"end":{"line":34,"column":2}}},"5":{"name":"(anonymous_5)","decl":{"start":{"line":33,"column":24},"end":{"line":33,"column":29}},"loc":{"start":{"line":33,"column":33},"end":{"line":33,"column":53}}},"6":{"name":"(anonymous_6)","decl":{"start":{"line":36,"column":9},"end":{"line":36,"column":28}},"loc":{"start":{"line":36,"column":57},"end":{"line":43,"column":2}}},"7":{"name":"(anonymous_7)","decl":{"start":{"line":37,"column":32},"end":{"line":37,"column":33}},"loc":{"start":{"line":37,"column":49},"end":{"line":40,"column":3}}},"8":{"name":"(anonymous_8)","decl":{"start":{"line":45,"column":9},"end":{"line":45,"column":26}},"loc":{"start":{"line":45,"column":39},"end":{"line":47,"column":2}}}},"branchMap":{"0":{"loc":{"start":{"line":7,"column":2},"end":{"line":7,"column":60}},"type":"if","locations":[{"start":{"line":7,"column":2},"end":{"line":7,"column":60}}]},"1":{"loc":{"start":{"line":12,"column":2},"end":{"line":12,"column":28}},"type":"if","locations":[{"start":{"line":12,"column":2},"end":{"line":12,"column":28}}]},"2":{"loc":{"start":{"line":14,"column":2},"end":{"line":14,"column":46}},"type":"if","locations":[{"start":{"line":14,"column":2},"end":{"line":14,"column":46}}]},"3":{"loc":{"start":{"line":15,"column":2},"end":{"line":15,"column":48}},"type":"if","locations":[{"start":{"line":15,"column":2},"end":{"line":15,"column":48}}]},"4":{"loc":{"start":{"line":38,"column":3},"end":{"line":38,"column":55}},"type":"if","locations":[{"start":{"line":38,"column":3},"end":{"line":38,"column":55}}]},"5":{"loc":{"start":{"line":42,"column":9},"end":{"line":42,"column":35}},"type":"cond-expr","locations":[{"start":{"line":42,"column":22},"end":{"line":42,"column":23}},{"start":{"line":42,"column":26},"end":{"line":42,"column":35}}]}},"s":{"0":3,"1":3,"2":3,"3":1,"4":2,"5":3,"6":0,"7":3,"8":3,"9":1,"10":2,"11":0,"12":2,"13":2,"14":2,"15":2,"16":2,"17":3,"18":3,"19":2,"20":2,"21":4,"22":4,"23":44,"24":38,"25":44,"26":4,"27":4,"28":2,"29":1},"f":{"0":3,"1":3,"2":3,"3":3,"4":2,"5":4,"6":4,"7":44,"8":2},"b":{"0":[1],"1":[0],"2":[1],"3":[0],"4":[38],"5":[0,4]}}
,"/Users/valentina/Projects/ts-ecommerce/src/Item.ts": {"path":"/Users/valentina/Projects/ts-ecommerce/src/Item.ts","statementMap":{"0":{"start":{"line":2,"column":25},"end":{"line":2,"column":39}},"1":{"start":{"line":2,"column":50},"end":{"line":2,"column":69}},"2":{"start":{"line":2,"column":80},"end":{"line":2,"column":93}},"3":{"start":{"line":1,"column":0},"end":{"line":1,"column":21}}},"fnMap":{"0":{"name":"(anonymous_0)","decl":{"start":{"line":2,"column":4},"end":{"line":2,"column":25}},"loc":{"start":{"line":2,"column":93},"end":{"line":4,"column":5}}}},"branchMap":{},"s":{"0":6,"1":6,"2":6,"3":1},"f":{"0":6},"b":{}}
,"/Users/valentina/Projects/ts-ecommerce/src/Order.ts": {"path":"/Users/valentina/Projects/ts-ecommerce/src/Order.ts","statementMap":{"0":{"start":{"line":1,"column":0},"end":{"line":1,"column":24}},"1":{"start":{"line":2,"column":0},"end":{"line":2,"column":36}},"2":{"start":{"line":11,"column":8},"end":{"line":11,"column":32}},"3":{"start":{"line":12,"column":8},"end":{"line":12,"column":29}},"4":{"start":{"line":16,"column":8},"end":{"line":16,"column":79}},"5":{"start":{"line":20,"column":8},"end":{"line":20,"column":29}},"6":{"start":{"line":24,"column":20},"end":{"line":24,"column":97}},"7":{"start":{"line":24,"column":65},"end":{"line":24,"column":93}},"8":{"start":{"line":25,"column":8},"end":{"line":25,"column":71}},"9":{"start":{"line":25,"column":25},"end":{"line":25,"column":71}},"10":{"start":{"line":26,"column":8},"end":{"line":26,"column":21}},"11":{"start":{"line":5,"column":0},"end":{"line":5,"column":21}}},"fnMap":{"0":{"name":"(anonymous_1)","decl":{"start":{"line":10,"column":4},"end":{"line":10,"column":16}},"loc":{"start":{"line":10,"column":27},"end":{"line":13,"column":5}}},"1":{"name":"(anonymous_2)","decl":{"start":{"line":15,"column":4},"end":{"line":15,"column":11}},"loc":{"start":{"line":15,"column":40},"end":{"line":17,"column":5}}},"2":{"name":"(anonymous_3)","decl":{"start":{"line":19,"column":4},"end":{"line":19,"column":13}},"loc":{"start":{"line":19,"column":28},"end":{"line":21,"column":5}}},"3":{"name":"(anonymous_4)","decl":{"start":{"line":23,"column":4},"end":{"line":23,"column":12}},"loc":{"start":{"line":23,"column":12},"end":{"line":27,"column":5}}},"4":{"name":"(anonymous_5)","decl":{"start":{"line":24,"column":43},"end":{"line":24,"column":44}},"loc":{"start":{"line":24,"column":65},"end":{"line":24,"column":93}}}},"branchMap":{"0":{"loc":{"start":{"line":25,"column":8},"end":{"line":25,"column":71}},"type":"if","locations":[{"start":{"line":25,"column":8},"end":{"line":25,"column":71}}]}},"s":{"0":1,"1":1,"2":3,"3":2,"4":6,"5":1,"6":2,"7":6,"8":2,"9":1,"10":2,"11":1},"f":{"0":3,"1":6,"2":1,"3":2,"4":6},"b":{"0":[1]}}
,"/Users/valentina/Projects/ts-ecommerce/src/OrderItem.ts": {"path":"/Users/valentina/Projects/ts-ecommerce/src/OrderItem.ts","statementMap":{"0":{"start":{"line":2,"column":25},"end":{"line":2,"column":39}},"1":{"start":{"line":2,"column":50},"end":{"line":2,"column":63}},"2":{"start":{"line":2,"column":74},"end":{"line":2,"column":90}},"3":{"start":{"line":7,"column":8},"end":{"line":7,"column":42}},"4":{"start":{"line":1,"column":0},"end":{"line":1,"column":21}}},"fnMap":{"0":{"name":"(anonymous_0)","decl":{"start":{"line":2,"column":4},"end":{"line":2,"column":25}},"loc":{"start":{"line":2,"column":90},"end":{"line":4,"column":5}}},"1":{"name":"(anonymous_1)","decl":{"start":{"line":6,"column":4},"end":{"line":6,"column":12}},"loc":{"start":{"line":6,"column":12},"end":{"line":8,"column":5}}}},"branchMap":{},"s":{"0":6,"1":6,"2":6,"3":6,"4":1},"f":{"0":6,"1":6},"b":{}}
}
